Using pre-set license
Built from '2021.3/staging' branch; Version is '2021.3.4f1 (cb45f9cae8b7) revision 13321721'; Using compiler version '192829333'; Build Type 'Release'
OS: 'Windows 10  (10.0.19044) 64bit Core' Language: 'en' Physical Memory: 32715 MB
BatchMode: 1, IsHumanControllingUs: 0, StartBugReporterOnCrash: 0, Is64bit: 1, IsPro: 1

COMMAND LINE ARGUMENTS:
C:\Program Files\Unity\Hub\Editor\2021.3.4f1\Editor\Unity.exe
-adb2
-batchMode
-noUpm
-name
AssetImportWorker3
-projectPath
G:/Environments/RACHNID/GIT/Rachnid/Rachnid
-logFile
Logs/AssetImportWorker3.log
-srvPort
64183
Successfully changed project path to: G:/Environments/RACHNID/GIT/Rachnid/Rachnid
G:/Environments/RACHNID/GIT/Rachnid/Rachnid
[UnityMemory] Configuration Parameters - Can be set up in boot.config
    "memorysetup-bucket-allocator-granularity=16"
    "memorysetup-bucket-allocator-bucket-count=8"
    "memorysetup-bucket-allocator-block-size=33554432"
    "memorysetup-bucket-allocator-block-count=8"
    "memorysetup-main-allocator-block-size=16777216"
    "memorysetup-thread-allocator-block-size=16777216"
    "memorysetup-gfx-main-allocator-block-size=16777216"
    "memorysetup-gfx-thread-allocator-block-size=16777216"
    "memorysetup-cache-allocator-block-size=4194304"
    "memorysetup-typetree-allocator-block-size=2097152"
    "memorysetup-profiler-bucket-allocator-granularity=16"
    "memorysetup-profiler-bucket-allocator-bucket-count=8"
    "memorysetup-profiler-bucket-allocator-block-size=33554432"
    "memorysetup-profiler-bucket-allocator-block-count=8"
    "memorysetup-profiler-allocator-block-size=16777216"
    "memorysetup-profiler-editor-allocator-block-size=1048576"
    "memorysetup-temp-allocator-size-main=16777216"
    "memorysetup-job-temp-allocator-block-size=2097152"
    "memorysetup-job-temp-allocator-block-size-background=1048576"
    "memorysetup-job-temp-allocator-reduction-small-platforms=262144"
    "memorysetup-temp-allocator-size-background-worker=32768"
    "memorysetup-temp-allocator-size-job-worker=262144"
    "memorysetup-temp-allocator-size-preload-manager=33554432"
    "memorysetup-temp-allocator-size-nav-mesh-worker=65536"
    "memorysetup-temp-allocator-size-audio-worker=65536"
    "memorysetup-temp-allocator-size-cloud-worker=32768"
    "memorysetup-temp-allocator-size-gi-baking-worker=262144"
    "memorysetup-temp-allocator-size-gfx=262144"
Refreshing native plugins compatible for Editor in 133.97 ms, found 3 plugins.
Preloading 0 native plugins for Editor in 0.00 ms.
Initialize engine version: 2021.3.4f1 (cb45f9cae8b7)
[Subsystems] Discovering subsystems at path C:/Program Files/Unity/Hub/Editor/2021.3.4f1/Editor/Data/Resources/UnitySubsystems
[Subsystems] Discovering subsystems at path G:/Environments/RACHNID/GIT/Rachnid/Rachnid/Assets
GfxDevice: creating device client; threaded=0; jobified=0
Direct3D:
    Version:  Direct3D 11.0 [level 11.1]
    Renderer: NVIDIA GeForce RTX 2060 (ID=0x1f08)
    Vendor:   NVIDIA
    VRAM:     5980 MB
    Driver:   31.0.15.1694
Initialize mono
Mono path[0] = 'C:/Program Files/Unity/Hub/Editor/2021.3.4f1/Editor/Data/Managed'
Mono path[1] = 'C:/Program Files/Unity/Hub/Editor/2021.3.4f1/Editor/Data/MonoBleedingEdge/lib/mono/unityjit-win32'
Mono config path = 'C:/Program Files/Unity/Hub/Editor/2021.3.4f1/Editor/Data/MonoBleedingEdge/etc'
Using monoOptions --debugger-agent=transport=dt_socket,embedding=1,server=y,suspend=n,address=127.0.0.1:56052
Begin MonoManager ReloadAssembly
Registering precompiled unity dll's ...
Register platform support module: C:/Program Files/Unity/Hub/Editor/2021.3.4f1/Editor/Data/PlaybackEngines/WindowsStandaloneSupport/UnityEditor.WindowsStandalone.Extensions.dll
Registered in 0.017639 seconds.
Native extension for WindowsStandalone target not found
Refreshing native plugins compatible for Editor in 133.72 ms, found 3 plugins.
Preloading 0 native plugins for Editor in 0.00 ms.
Mono: successfully reloaded assembly
- Completed reload, in  1.062 seconds
Domain Reload Profiling:
	ReloadAssembly (1063ms)
		BeginReloadAssembly (140ms)
			ExecutionOrderSort (0ms)
			DisableScriptedObjects (0ms)
			BackupInstance (0ms)
			ReleaseScriptingObjects (0ms)
			CreateAndSetChildDomain (1ms)
		EndReloadAssembly (714ms)
			LoadAssemblies (135ms)
			RebuildTransferFunctionScriptingTraits (0ms)
			SetupTypeCache (188ms)
			ReleaseScriptCaches (0ms)
			RebuildScriptCaches (45ms)
			SetupLoadedEditorAssemblies (396ms)
				LogAssemblyErrors (0ms)
				InitializePlatformSupportModulesInManaged (11ms)
				SetLoadedEditorAssemblies (0ms)
				RefreshPlugins (134ms)
				BeforeProcessingInitializeOnLoad (2ms)
				ProcessInitializeOnLoadAttributes (183ms)
				ProcessInitializeOnLoadMethodAttributes (66ms)
				AfterProcessingInitializeOnLoad (0ms)
				EditorAssembliesLoaded (0ms)
			ExecutionOrderSort2 (0ms)
			AwakeInstancesAfterBackupRestoration (0ms)
Platform modules already initialized, skipping
Registering precompiled user dll's ...
Registered in 0.008262 seconds.
Begin MonoManager ReloadAssembly
Symbol file LoadedFromMemory doesn't match image G:\Environments\RACHNID\GIT\Rachnid\Rachnid\Library\PackageCache\com.unity.visualscripting@1.7.8\Editor\VisualScripting.Core\Dependencies\YamlDotNet\Unity.VisualScripting.YamlDotNet.dll
Symbol file LoadedFromMemory doesn't match image G:\Environments\RACHNID\GIT\Rachnid\Rachnid\Library\PackageCache\com.unity.visualscripting@1.7.8\Editor\VisualScripting.Core\Dependencies\DotNetZip\Unity.VisualScripting.IonicZip.dll
OnLevelWasLoaded was found on SaveManager
This message has been deprecated and will be removed in a later version of Unity.
Add a delegate to SceneManager.sceneLoaded instead to get notifications after scene loading has completed
Native extension for WindowsStandalone target not found
Refreshing native plugins compatible for Editor in 0.72 ms, found 3 plugins.
Preloading 0 native plugins for Editor in 0.00 ms.
Mono: successfully reloaded assembly
- Completed reload, in  1.160 seconds
Domain Reload Profiling:
	ReloadAssembly (1161ms)
		BeginReloadAssembly (142ms)
			ExecutionOrderSort (0ms)
			DisableScriptedObjects (7ms)
			BackupInstance (0ms)
			ReleaseScriptingObjects (0ms)
			CreateAndSetChildDomain (25ms)
		EndReloadAssembly (894ms)
			LoadAssemblies (103ms)
			RebuildTransferFunctionScriptingTraits (0ms)
			SetupTypeCache (266ms)
			ReleaseScriptCaches (1ms)
			RebuildScriptCaches (59ms)
			SetupLoadedEditorAssemblies (436ms)
				LogAssemblyErrors (0ms)
				InitializePlatformSupportModulesInManaged (16ms)
				SetLoadedEditorAssemblies (0ms)
				RefreshPlugins (1ms)
				BeforeProcessingInitializeOnLoad (95ms)
				ProcessInitializeOnLoadAttributes (282ms)
				ProcessInitializeOnLoadMethodAttributes (31ms)
				AfterProcessingInitializeOnLoad (11ms)
				EditorAssembliesLoaded (0ms)
			ExecutionOrderSort2 (0ms)
			AwakeInstancesAfterBackupRestoration (7ms)
Platform modules already initialized, skipping
========================================================================
Worker process is ready to serve import requests
Launched and connected shader compiler UnityShaderCompiler.exe after 0.06 seconds
Refreshing native plugins compatible for Editor in 0.61 ms, found 3 plugins.
Preloading 0 native plugins for Editor in 0.00 ms.
Unloading 3335 Unused Serialized files (Serialized files now loaded: 0)
Unloading 24 unused Assets / (57.6 KB). Loaded Objects now: 3795.
Memory consumption went from 118.1 MB to 118.1 MB.
Total: 4.111800 ms (FindLiveObjects: 0.313000 ms CreateObjectMapping: 0.193800 ms MarkObjects: 3.523000 ms  DeleteObjects: 0.080800 ms)

AssetImportParameters requested are different than current active one (requested -> active):
  custom:video-decoder-ogg-theora: a1e56fd34408186e4bbccfd4996cb3dc -> 
  custom:container-muxer-webm: aa71ff27fc2769a1b78a27578f13a17b -> 
  custom:container-demuxer-webm: 4f35f7cbe854078d1ac9338744f61a02 -> 
  custom:video-encoder-webm-vp8: eb34c28f22e8b96e1ab97ce403110664 -> 
  custom:video-codec-MediaFoundation-h265: 746d11721c4dcdbdad8f713fa42b33f4 -> 
  custom:audio-encoder-webm-vorbis: bf7c407c2cedff20999df2af8eb42d56 -> 
  custom:framework-win-MediaFoundation: 216162199b28c13a410421893ffa2e32 -> 
  custom:container-demuxer-ogg: 62fdf1f143b41e24485cea50d1cbac27 -> 
  custom:video-decoder-webm-vp8: 9c59270c3fd7afecdb556c50c9e8de78 -> 
  custom:audio-decoder-ogg-vorbis: bf7c407c2cedff20999df2af8eb42d56 -> 
========================================================================
Received Import Request.
  Time since last request: 105362.501724 seconds.
  path: Assets/Models/Bench.fbx
  artifactKey: Guid(4fd01819ade76294dad717c05f15f2b6) Importer(815301076,1909f56bfc062723c751e8b465ee728b)
Start importing Assets/Models/Bench.fbx using Guid(4fd01819ade76294dad717c05f15f2b6) Importer(815301076,1909f56bfc062723c751e8b465ee728b)  -> (artifact id: '06223406839667f943d20ff087fb7efe') in 0.527879 seconds 
========================================================================
Received Import Request.
  Time since last request: 0.000074 seconds.
  path: Assets/Models/FrontEntrance.fbx
  artifactKey: Guid(cedc48b2f299cde4cae815f06fb8c206) Importer(815301076,1909f56bfc062723c751e8b465ee728b)
Start importing Assets/Models/FrontEntrance.fbx using Guid(cedc48b2f299cde4cae815f06fb8c206) Importer(815301076,1909f56bfc062723c751e8b465ee728b)  -> (artifact id: '9516d2aa361576c1fe0170d83b9644c8') in 0.024426 seconds 
========================================================================
Received Import Request.
  Time since last request: 0.000046 seconds.
  path: Assets/Models/WoodTable.fbx
  artifactKey: Guid(3ea88ae56a8261649b5c03c6c3d6b11a) Importer(815301076,1909f56bfc062723c751e8b465ee728b)
Start importing Assets/Models/WoodTable.fbx using Guid(3ea88ae56a8261649b5c03c6c3d6b11a) Importer(815301076,1909f56bfc062723c751e8b465ee728b)  -> (artifact id: '11cec37db43c7d105f6515b25a6e25d8') in 0.019977 seconds 
========================================================================
Received Import Request.
  Time since last request: 0.000022 seconds.
  path: Assets/Models/BugSpray.fbx
  artifactKey: Guid(6ca56fc4079c1674da425ef7ad7225fd) Importer(815301076,1909f56bfc062723c751e8b465ee728b)
Start importing Assets/Models/BugSpray.fbx using Guid(6ca56fc4079c1674da425ef7ad7225fd) Importer(815301076,1909f56bfc062723c751e8b465ee728b)  -> (artifact id: '691ee612ecdf5718e86db967299b30c9') in 0.023307 seconds 
========================================================================
Received Import Request.
  Time since last request: 0.000023 seconds.
  path: Assets/Models/PlanterBench.fbx
  artifactKey: Guid(08e29b1627bbd884ea861bd389544035) Importer(815301076,1909f56bfc062723c751e8b465ee728b)
Start importing Assets/Models/PlanterBench.fbx using Guid(08e29b1627bbd884ea861bd389544035) Importer(815301076,1909f56bfc062723c751e8b465ee728b)  -> (artifact id: '3d0c1c1e36a6d9b3395d6f03d9449669') in 0.028709 seconds 
========================================================================
Received Import Request.
  Time since last request: 0.000019 seconds.
  path: Assets/Models/EvoCard.fbx
  artifactKey: Guid(b3ca486ee611cd745bf522b72306d9ef) Importer(815301076,1909f56bfc062723c751e8b465ee728b)
Start importing Assets/Models/EvoCard.fbx using Guid(b3ca486ee611cd745bf522b72306d9ef) Importer(815301076,1909f56bfc062723c751e8b465ee728b)  -> (artifact id: '24da8c14b8b88e66d77fb806ca096ea9') in 0.020040 seconds 
========================================================================
Received Import Request.
  Time since last request: 0.000022 seconds.
  path: Assets/Models/Flamethrower.fbx
  artifactKey: Guid(bc14aa350e199444a81d220ff51288c6) Importer(815301076,1909f56bfc062723c751e8b465ee728b)
Start importing Assets/Models/Flamethrower.fbx using Guid(bc14aa350e199444a81d220ff51288c6) Importer(815301076,1909f56bfc062723c751e8b465ee728b)  -> (artifact id: '4af566d1cfbc69b22baf37350a1b0d40') in 0.026749 seconds 
========================================================================
Received Import Request.
  Time since last request: 0.000029 seconds.
  path: Assets/Models/MetalDoubleDoorway.fbx
  artifactKey: Guid(8c84e5f76965e66429befbfaaf13992b) Importer(815301076,1909f56bfc062723c751e8b465ee728b)
Start importing Assets/Models/MetalDoubleDoorway.fbx using Guid(8c84e5f76965e66429befbfaaf13992b) Importer(815301076,1909f56bfc062723c751e8b465ee728b)  -> (artifact id: '87e6160e41765e392d743a4f25cf17d2') in 0.049474 seconds 
========================================================================
Received Import Request.
  Time since last request: 0.000039 seconds.
  path: Assets/Models/Lighter.fbx
  artifactKey: Guid(3d4b9ee514f08e34cb610659becbd65d) Importer(815301076,1909f56bfc062723c751e8b465ee728b)
Start importing Assets/Models/Lighter.fbx using Guid(3d4b9ee514f08e34cb610659becbd65d) Importer(815301076,1909f56bfc062723c751e8b465ee728b)  -> (artifact id: 'e1622f60691331639e15d8dc2a5fb00c') in 0.022246 seconds 
========================================================================
Received Import Request.
  Time since last request: 0.000034 seconds.
  path: Assets/Models/Planter_Small.fbx
  artifactKey: Guid(7bbba549f4b7cd940b9dfb9a79ec68d2) Importer(815301076,1909f56bfc062723c751e8b465ee728b)
Start importing Assets/Models/Planter_Small.fbx using Guid(7bbba549f4b7cd940b9dfb9a79ec68d2) Importer(815301076,1909f56bfc062723c751e8b465ee728b)  -> (artifact id: 'e923c0f43564e538ae889458f5a8fc0f') in 0.027575 seconds 
Editor requested this worker to shutdown with reason: Scaling down because of idle timeout
AssetImportWorker is now disconnected from the server
Process exiting
Exiting without the bug reporter. Application will terminate with return code 0