Using pre-set license
Built from '2021.3/staging' branch; Version is '2021.3.4f1 (cb45f9cae8b7) revision 13321721'; Using compiler version '192829333'; Build Type 'Release'
OS: 'Windows 10  (10.0.19044) 64bit Core' Language: 'en' Physical Memory: 32715 MB
BatchMode: 1, IsHumanControllingUs: 0, StartBugReporterOnCrash: 0, Is64bit: 1, IsPro: 1

COMMAND LINE ARGUMENTS:
C:\Program Files\Unity\Hub\Editor\2021.3.4f1\Editor\Unity.exe
-adb2
-batchMode
-noUpm
-name
AssetImportWorker2
-projectPath
G:/Environments/RACHNID/GIT/Rachnid/Rachnid
-logFile
Logs/AssetImportWorker2.log
-srvPort
64183
Successfully changed project path to: G:/Environments/RACHNID/GIT/Rachnid/Rachnid
G:/Environments/RACHNID/GIT/Rachnid/Rachnid
[UnityMemory] Configuration Parameters - Can be set up in boot.config
    "memorysetup-bucket-allocator-granularity=16"
    "memorysetup-bucket-allocator-bucket-count=8"
    "memorysetup-bucket-allocator-block-size=33554432"
    "memorysetup-bucket-allocator-block-count=8"
    "memorysetup-main-allocator-block-size=16777216"
    "memorysetup-thread-allocator-block-size=16777216"
    "memorysetup-gfx-main-allocator-block-size=16777216"
    "memorysetup-gfx-thread-allocator-block-size=16777216"
    "memorysetup-cache-allocator-block-size=4194304"
    "memorysetup-typetree-allocator-block-size=2097152"
    "memorysetup-profiler-bucket-allocator-granularity=16"
    "memorysetup-profiler-bucket-allocator-bucket-count=8"
    "memorysetup-profiler-bucket-allocator-block-size=33554432"
    "memorysetup-profiler-bucket-allocator-block-count=8"
    "memorysetup-profiler-allocator-block-size=16777216"
    "memorysetup-profiler-editor-allocator-block-size=1048576"
    "memorysetup-temp-allocator-size-main=16777216"
    "memorysetup-job-temp-allocator-block-size=2097152"
    "memorysetup-job-temp-allocator-block-size-background=1048576"
    "memorysetup-job-temp-allocator-reduction-small-platforms=262144"
    "memorysetup-temp-allocator-size-background-worker=32768"
    "memorysetup-temp-allocator-size-job-worker=262144"
    "memorysetup-temp-allocator-size-preload-manager=33554432"
    "memorysetup-temp-allocator-size-nav-mesh-worker=65536"
    "memorysetup-temp-allocator-size-audio-worker=65536"
    "memorysetup-temp-allocator-size-cloud-worker=32768"
    "memorysetup-temp-allocator-size-gi-baking-worker=262144"
    "memorysetup-temp-allocator-size-gfx=262144"
Refreshing native plugins compatible for Editor in 94.52 ms, found 3 plugins.
Preloading 0 native plugins for Editor in 0.00 ms.
Initialize engine version: 2021.3.4f1 (cb45f9cae8b7)
[Subsystems] Discovering subsystems at path C:/Program Files/Unity/Hub/Editor/2021.3.4f1/Editor/Data/Resources/UnitySubsystems
[Subsystems] Discovering subsystems at path G:/Environments/RACHNID/GIT/Rachnid/Rachnid/Assets
GfxDevice: creating device client; threaded=0; jobified=0
Direct3D:
    Version:  Direct3D 11.0 [level 11.1]
    Renderer: NVIDIA GeForce RTX 2060 (ID=0x1f08)
    Vendor:   NVIDIA
    VRAM:     5980 MB
    Driver:   31.0.15.1694
Initialize mono
Mono path[0] = 'C:/Program Files/Unity/Hub/Editor/2021.3.4f1/Editor/Data/Managed'
Mono path[1] = 'C:/Program Files/Unity/Hub/Editor/2021.3.4f1/Editor/Data/MonoBleedingEdge/lib/mono/unityjit-win32'
Mono config path = 'C:/Program Files/Unity/Hub/Editor/2021.3.4f1/Editor/Data/MonoBleedingEdge/etc'
Using monoOptions --debugger-agent=transport=dt_socket,embedding=1,server=y,suspend=n,address=127.0.0.1:56392
Begin MonoManager ReloadAssembly
Registering precompiled unity dll's ...
Register platform support module: C:/Program Files/Unity/Hub/Editor/2021.3.4f1/Editor/Data/PlaybackEngines/WindowsStandaloneSupport/UnityEditor.WindowsStandalone.Extensions.dll
Registered in 0.009873 seconds.
Native extension for WindowsStandalone target not found
Refreshing native plugins compatible for Editor in 94.73 ms, found 3 plugins.
Preloading 0 native plugins for Editor in 0.00 ms.
Mono: successfully reloaded assembly
- Completed reload, in  0.779 seconds
Domain Reload Profiling:
	ReloadAssembly (780ms)
		BeginReloadAssembly (90ms)
			ExecutionOrderSort (0ms)
			DisableScriptedObjects (0ms)
			BackupInstance (0ms)
			ReleaseScriptingObjects (0ms)
			CreateAndSetChildDomain (1ms)
		EndReloadAssembly (554ms)
			LoadAssemblies (87ms)
			RebuildTransferFunctionScriptingTraits (0ms)
			SetupTypeCache (137ms)
			ReleaseScriptCaches (0ms)
			RebuildScriptCaches (34ms)
			SetupLoadedEditorAssemblies (318ms)
				LogAssemblyErrors (0ms)
				InitializePlatformSupportModulesInManaged (9ms)
				SetLoadedEditorAssemblies (0ms)
				RefreshPlugins (95ms)
				BeforeProcessingInitializeOnLoad (2ms)
				ProcessInitializeOnLoadAttributes (159ms)
				ProcessInitializeOnLoadMethodAttributes (54ms)
				AfterProcessingInitializeOnLoad (0ms)
				EditorAssembliesLoaded (0ms)
			ExecutionOrderSort2 (0ms)
			AwakeInstancesAfterBackupRestoration (0ms)
Platform modules already initialized, skipping
Registering precompiled user dll's ...
Registered in 0.007672 seconds.
Begin MonoManager ReloadAssembly
Symbol file LoadedFromMemory doesn't match image G:\Environments\RACHNID\GIT\Rachnid\Rachnid\Library\PackageCache\com.unity.visualscripting@1.7.8\Editor\VisualScripting.Core\Dependencies\YamlDotNet\Unity.VisualScripting.YamlDotNet.dll
Symbol file LoadedFromMemory doesn't match image G:\Environments\RACHNID\GIT\Rachnid\Rachnid\Library\PackageCache\com.unity.visualscripting@1.7.8\Editor\VisualScripting.Core\Dependencies\DotNetZip\Unity.VisualScripting.IonicZip.dll
OnLevelWasLoaded was found on SaveManager
This message has been deprecated and will be removed in a later version of Unity.
Add a delegate to SceneManager.sceneLoaded instead to get notifications after scene loading has completed
Native extension for WindowsStandalone target not found
Refreshing native plugins compatible for Editor in 0.63 ms, found 3 plugins.
Preloading 0 native plugins for Editor in 0.00 ms.
Mono: successfully reloaded assembly
- Completed reload, in  1.211 seconds
Domain Reload Profiling:
	ReloadAssembly (1213ms)
		BeginReloadAssembly (145ms)
			ExecutionOrderSort (0ms)
			DisableScriptedObjects (11ms)
			BackupInstance (0ms)
			ReleaseScriptingObjects (0ms)
			CreateAndSetChildDomain (26ms)
		EndReloadAssembly (955ms)
			LoadAssemblies (103ms)
			RebuildTransferFunctionScriptingTraits (0ms)
			SetupTypeCache (276ms)
			ReleaseScriptCaches (1ms)
			RebuildScriptCaches (61ms)
			SetupLoadedEditorAssemblies (464ms)
				LogAssemblyErrors (0ms)
				InitializePlatformSupportModulesInManaged (17ms)
				SetLoadedEditorAssemblies (1ms)
				RefreshPlugins (1ms)
				BeforeProcessingInitializeOnLoad (99ms)
				ProcessInitializeOnLoadAttributes (300ms)
				ProcessInitializeOnLoadMethodAttributes (36ms)
				AfterProcessingInitializeOnLoad (11ms)
				EditorAssembliesLoaded (0ms)
			ExecutionOrderSort2 (0ms)
			AwakeInstancesAfterBackupRestoration (7ms)
Platform modules already initialized, skipping
========================================================================
Worker process is ready to serve import requests
Launched and connected shader compiler UnityShaderCompiler.exe after 0.07 seconds
Refreshing native plugins compatible for Editor in 0.72 ms, found 3 plugins.
Preloading 0 native plugins for Editor in 0.00 ms.
Unloading 3335 Unused Serialized files (Serialized files now loaded: 0)
Unloading 24 unused Assets / (57.5 KB). Loaded Objects now: 3794.
Memory consumption went from 118.0 MB to 118.0 MB.
Total: 3.481700 ms (FindLiveObjects: 0.287300 ms CreateObjectMapping: 0.221200 ms MarkObjects: 2.843200 ms  DeleteObjects: 0.128900 ms)

AssetImportParameters requested are different than current active one (requested -> active):
  custom:video-decoder-ogg-theora: a1e56fd34408186e4bbccfd4996cb3dc -> 
  custom:container-muxer-webm: aa71ff27fc2769a1b78a27578f13a17b -> 
  custom:container-demuxer-webm: 4f35f7cbe854078d1ac9338744f61a02 -> 
  custom:video-encoder-webm-vp8: eb34c28f22e8b96e1ab97ce403110664 -> 
  custom:video-codec-MediaFoundation-h265: 746d11721c4dcdbdad8f713fa42b33f4 -> 
  custom:audio-encoder-webm-vorbis: bf7c407c2cedff20999df2af8eb42d56 -> 
  custom:framework-win-MediaFoundation: 216162199b28c13a410421893ffa2e32 -> 
  custom:container-demuxer-ogg: 62fdf1f143b41e24485cea50d1cbac27 -> 
  custom:video-decoder-webm-vp8: 9c59270c3fd7afecdb556c50c9e8de78 -> 
  custom:audio-decoder-ogg-vorbis: bf7c407c2cedff20999df2af8eb42d56 -> 
========================================================================
Received Import Request.
  Time since last request: 104984.855605 seconds.
  path: Assets/Scenes/Chapter One.unity
  artifactKey: Guid(15e9214dd3d797e43873ced142bd29f4) Importer(815301076,1909f56bfc062723c751e8b465ee728b)
Start importing Assets/Scenes/Chapter One.unity using Guid(15e9214dd3d797e43873ced142bd29f4) Importer(815301076,1909f56bfc062723c751e8b465ee728b)  -> (artifact id: '0f97b471ffbb731f98fbec1115487a32') in 0.014857 seconds 
========================================================================
Received Import Request.
  Time since last request: 82.216992 seconds.
  path: Assets/Scenes/Chapter One.unity
  artifactKey: Guid(15e9214dd3d797e43873ced142bd29f4) Importer(815301076,1909f56bfc062723c751e8b465ee728b)
Start importing Assets/Scenes/Chapter One.unity using Guid(15e9214dd3d797e43873ced142bd29f4) Importer(815301076,1909f56bfc062723c751e8b465ee728b)  -> (artifact id: '77426ec325a373c63986f17bb64b86ef') in 0.002450 seconds 
========================================================================
Received Import Request.
  Time since last request: 28.809042 seconds.
  path: Assets/Scenes/Main Menu.unity
  artifactKey: Guid(5d546d66363e7504d8b958c8f65bf9e9) Importer(815301076,1909f56bfc062723c751e8b465ee728b)
Start importing Assets/Scenes/Main Menu.unity using Guid(5d546d66363e7504d8b958c8f65bf9e9) Importer(815301076,1909f56bfc062723c751e8b465ee728b)  -> (artifact id: '22755c279d32f236c2e311a14ef3f868') in 0.007851 seconds 
========================================================================
Received Import Request.
  Time since last request: 5.001858 seconds.
  path: Assets/Materials/Prototype.mat
  artifactKey: Guid(d6fb955b52f23c047bef16b0c3c926a5) Importer(815301076,1909f56bfc062723c751e8b465ee728b)
Start importing Assets/Materials/Prototype.mat using Guid(d6fb955b52f23c047bef16b0c3c926a5) Importer(815301076,1909f56bfc062723c751e8b465ee728b)  -> (artifact id: '9644986ba983caafe3dd147e450dd32b') in 0.158116 seconds 
========================================================================
Received Import Request.
  Time since last request: 24.470684 seconds.
  path: Assets/Fonts/BAHNSCHRIFT SDF.asset
  artifactKey: Guid(aaeb3a3f174f899409e3de3f10a32028) Importer(815301076,1909f56bfc062723c751e8b465ee728b)
Start importing Assets/Fonts/BAHNSCHRIFT SDF.asset using Guid(aaeb3a3f174f899409e3de3f10a32028) Importer(815301076,1909f56bfc062723c751e8b465ee728b)  -> (artifact id: '8d7b73fdb382118444128a6783b9d883') in 0.100708 seconds 
========================================================================
Received Import Request.
  Time since last request: 0.000037 seconds.
  path: Assets/Materials/Misc/CardReader.mat
  artifactKey: Guid(1eb8910bbb0fb744cb2f8760e8b019e5) Importer(815301076,1909f56bfc062723c751e8b465ee728b)
Start importing Assets/Materials/Misc/CardReader.mat using Guid(1eb8910bbb0fb744cb2f8760e8b019e5) Importer(815301076,1909f56bfc062723c751e8b465ee728b)  -> (artifact id: '196ab8b30f83d2c03ed4bc1a2a1e53e6') in 0.018780 seconds 
========================================================================
Received Import Request.
  Time since last request: 0.000036 seconds.
  path: Assets/eDmitriyAssets/NavMeshLinkGenerator/Example/Animations/OffMeshLink_Animations/Materials/body_color_map.mat
  artifactKey: Guid(2b260afa86177014db19d7d555a128ff) Importer(815301076,1909f56bfc062723c751e8b465ee728b)
Start importing Assets/eDmitriyAssets/NavMeshLinkGenerator/Example/Animations/OffMeshLink_Animations/Materials/body_color_map.mat using Guid(2b260afa86177014db19d7d555a128ff) Importer(815301076,1909f56bfc062723c751e8b465ee728b)  -> (artifact id: '960ff16506de66d5e5982ee901cf08d1') in 0.021582 seconds 
========================================================================
Received Import Request.
  Time since last request: 0.000020 seconds.
  path: Assets/Materials/Metals/Metal.mat
  artifactKey: Guid(3af46e246a1ca1c4dac51e57f189b370) Importer(815301076,1909f56bfc062723c751e8b465ee728b)
Start importing Assets/Materials/Metals/Metal.mat using Guid(3af46e246a1ca1c4dac51e57f189b370) Importer(815301076,1909f56bfc062723c751e8b465ee728b)  -> (artifact id: 'bf67af980bf7f87afee5ac2159c12c61') in 0.020431 seconds 
========================================================================
Received Import Request.
  Time since last request: 0.000023 seconds.
  path: Assets/Day-Night Skyboxes/Materials/SkyMidnight.mat
  artifactKey: Guid(97637a2a763b7f24b8da4e139e4144ca) Importer(815301076,1909f56bfc062723c751e8b465ee728b)
Start importing Assets/Day-Night Skyboxes/Materials/SkyMidnight.mat using Guid(97637a2a763b7f24b8da4e139e4144ca) Importer(815301076,1909f56bfc062723c751e8b465ee728b)  -> (artifact id: 'cac3e1be96380a1c87b98046fc3e1458') in 0.253392 seconds 
========================================================================
Received Import Request.
  Time since last request: 0.000034 seconds.
  path: Assets/PB_Spider/Materials/spider_mat.mat
  artifactKey: Guid(f73b6edfb0e1747debb82666f9db7597) Importer(815301076,1909f56bfc062723c751e8b465ee728b)
Start importing Assets/PB_Spider/Materials/spider_mat.mat using Guid(f73b6edfb0e1747debb82666f9db7597) Importer(815301076,1909f56bfc062723c751e8b465ee728b)  -> (artifact id: '1b993dbdc46731f669527f9ad928314c') in 0.017569 seconds 
========================================================================
Received Import Request.
  Time since last request: 0.000036 seconds.
  path: Assets/Fonts/N8ghtmare SDF.asset
  artifactKey: Guid(693c8372fbb5cba4ea6e2b092b21d166) Importer(815301076,1909f56bfc062723c751e8b465ee728b)
Start importing Assets/Fonts/N8ghtmare SDF.asset using Guid(693c8372fbb5cba4ea6e2b092b21d166) Importer(815301076,1909f56bfc062723c751e8b465ee728b)  -> (artifact id: '4ca53be3efb30c375463f8b946ff726a') in 0.047143 seconds 
========================================================================
Received Import Request.
  Time since last request: 0.000030 seconds.
  path: Assets/Materials/Misc/Escalator.mat
  artifactKey: Guid(32737b4749a74d148a5dcbcd88355ffb) Importer(815301076,1909f56bfc062723c751e8b465ee728b)
Start importing Assets/Materials/Misc/Escalator.mat using Guid(32737b4749a74d148a5dcbcd88355ffb) Importer(815301076,1909f56bfc062723c751e8b465ee728b)  -> (artifact id: 'f4dd95a15c949be39ecdd520ec0290aa') in 0.026568 seconds 
========================================================================
Received Import Request.
  Time since last request: 0.000031 seconds.
  path: Assets/eDmitriyAssets/NavMeshLinkGenerator/Example/Animations/DudeAvatar/Materials/Dude-eyes.mat
  artifactKey: Guid(b7b54bc0aeb7a4eccaf67dc546d64d4f) Importer(815301076,1909f56bfc062723c751e8b465ee728b)
Start importing Assets/eDmitriyAssets/NavMeshLinkGenerator/Example/Animations/DudeAvatar/Materials/Dude-eyes.mat using Guid(b7b54bc0aeb7a4eccaf67dc546d64d4f) Importer(815301076,1909f56bfc062723c751e8b465ee728b)  -> (artifact id: '505185a93a29c934eb18a583e03fed8c') in 0.219795 seconds 
========================================================================
Received Import Request.
  Time since last request: 0.000032 seconds.
  path: Assets/Materials/Woods/Wood_Light.mat
  artifactKey: Guid(abff74d2a14fb654f8beb0dbe6b1d932) Importer(815301076,1909f56bfc062723c751e8b465ee728b)
Start importing Assets/Materials/Woods/Wood_Light.mat using Guid(abff74d2a14fb654f8beb0dbe6b1d932) Importer(815301076,1909f56bfc062723c751e8b465ee728b)  -> (artifact id: 'ea141a00c602a5db332b790a4ab247ef') in 0.017991 seconds 
========================================================================
Received Import Request.
  Time since last request: 0.000029 seconds.
  path: Assets/Day-Night Skyboxes/Materials/SkyAfterNoon.mat
  artifactKey: Guid(1cf32c17fea93ef4fb120e8e0cdfbef1) Importer(815301076,1909f56bfc062723c751e8b465ee728b)
Start importing Assets/Day-Night Skyboxes/Materials/SkyAfterNoon.mat using Guid(1cf32c17fea93ef4fb120e8e0cdfbef1) Importer(815301076,1909f56bfc062723c751e8b465ee728b)  -> (artifact id: '37795879ab0fa46bad236ad1826be937') in 0.024556 seconds 
========================================================================
Received Import Request.
  Time since last request: 0.000022 seconds.
  path: Assets/eDmitriyAssets/NavMeshLinkGenerator/Example/Animations/OffMeshLink_Animations/Materials/eyes_color_map.mat
  artifactKey: Guid(607df9f1512747a4387a776e471d558a) Importer(815301076,1909f56bfc062723c751e8b465ee728b)
Start importing Assets/eDmitriyAssets/NavMeshLinkGenerator/Example/Animations/OffMeshLink_Animations/Materials/eyes_color_map.mat using Guid(607df9f1512747a4387a776e471d558a) Importer(815301076,1909f56bfc062723c751e8b465ee728b)  -> (artifact id: '28ea2f7b159ab791b70bf206b0817480') in 0.018929 seconds 
========================================================================
Received Import Request.
  Time since last request: 0.000022 seconds.
  path: Assets/Fonts/Raven Song.ttf
  artifactKey: Guid(235eb38a76429f345aac4289c804f68d) Importer(815301076,1909f56bfc062723c751e8b465ee728b)
Start importing Assets/Fonts/Raven Song.ttf using Guid(235eb38a76429f345aac4289c804f68d) Importer(815301076,1909f56bfc062723c751e8b465ee728b)  -> (artifact id: 'ed7318fa9f3faf8b155c087c883ef6d7') in 0.033732 seconds 
========================================================================
Received Import Request.
  Time since last request: 0.000024 seconds.
  path: Assets/Day-Night Skyboxes/Materials/SkyEarlyDusk.mat
  artifactKey: Guid(82b660520bdecce4daf45d270ec93fe4) Importer(815301076,1909f56bfc062723c751e8b465ee728b)
Start importing Assets/Day-Night Skyboxes/Materials/SkyEarlyDusk.mat using Guid(82b660520bdecce4daf45d270ec93fe4) Importer(815301076,1909f56bfc062723c751e8b465ee728b)  -> (artifact id: 'b6e4670eb4bfe0929652f05fc391e8d3') in 0.024105 seconds 
========================================================================
Received Import Request.
  Time since last request: 0.000022 seconds.
  path: Assets/Materials/Woods/Wood_Dark.mat
  artifactKey: Guid(2d188369dfbd9364d98b215439bf1919) Importer(815301076,1909f56bfc062723c751e8b465ee728b)
Start importing Assets/Materials/Woods/Wood_Dark.mat using Guid(2d188369dfbd9364d98b215439bf1919) Importer(815301076,1909f56bfc062723c751e8b465ee728b)  -> (artifact id: 'c4cab265b69cfe5ce6e272e754ea29a4') in 0.017999 seconds 
========================================================================
Received Import Request.
  Time since last request: 0.000022 seconds.
  path: Assets/Materials/Misc/Flamethrowe.mat
  artifactKey: Guid(840e105e8d8b72d459798bb51c6f2c81) Importer(815301076,1909f56bfc062723c751e8b465ee728b)
Start importing Assets/Materials/Misc/Flamethrowe.mat using Guid(840e105e8d8b72d459798bb51c6f2c81) Importer(815301076,1909f56bfc062723c751e8b465ee728b)  -> (artifact id: '670e296db8e5c1798da104377ab3e378') in 0.015209 seconds 
========================================================================
Received Import Request.
  Time since last request: 0.000022 seconds.
  path: Assets/Materials/Floors/FloorTiles_2.mat
  artifactKey: Guid(d4bcbada9bbbee64399ba9eb13f2a7dc) Importer(815301076,1909f56bfc062723c751e8b465ee728b)
Start importing Assets/Materials/Floors/FloorTiles_2.mat using Guid(d4bcbada9bbbee64399ba9eb13f2a7dc) Importer(815301076,1909f56bfc062723c751e8b465ee728b)  -> (artifact id: '2fc59eb791d71ecbb2a135fa689e24fb') in 0.015021 seconds 
========================================================================
Received Import Request.
  Time since last request: 0.000029 seconds.
  path: Assets/Materials/Effects/SprayCanParticles.mat
  artifactKey: Guid(069e62c0838bf7549a421c902dee1a07) Importer(815301076,1909f56bfc062723c751e8b465ee728b)
Start importing Assets/Materials/Effects/SprayCanParticles.mat using Guid(069e62c0838bf7549a421c902dee1a07) Importer(815301076,1909f56bfc062723c751e8b465ee728b)  -> (artifact id: '017064a34a0e9e63144de49c6f89eb74') in 0.019237 seconds 
========================================================================
Received Import Request.
  Time since last request: 0.000027 seconds.
  path: Assets/Materials/Glass/OldGlass.mat
  artifactKey: Guid(e8ef0767b15a2ba4e8af97bf697f0827) Importer(815301076,1909f56bfc062723c751e8b465ee728b)
Start importing Assets/Materials/Glass/OldGlass.mat using Guid(e8ef0767b15a2ba4e8af97bf697f0827) Importer(815301076,1909f56bfc062723c751e8b465ee728b)  -> (artifact id: '07468d57460ce32f1fbbe0faa17f5df9') in 0.020041 seconds 
========================================================================
Received Import Request.
  Time since last request: 0.000026 seconds.
  path: Assets/Materials/Floors/Dirt_Gravel.mat
  artifactKey: Guid(e6d07fc0eeb790642b52660fea51cba3) Importer(815301076,1909f56bfc062723c751e8b465ee728b)
Start importing Assets/Materials/Floors/Dirt_Gravel.mat using Guid(e6d07fc0eeb790642b52660fea51cba3) Importer(815301076,1909f56bfc062723c751e8b465ee728b)  -> (artifact id: '4e3a765e53cf80933a57532db47bba8d') in 0.021096 seconds 
========================================================================
Received Import Request.
  Time since last request: 0.000027 seconds.
  path: Assets/Materials/Floors/FloorTiles_3.mat
  artifactKey: Guid(99c5dd2eb82adae4f855122189a23aff) Importer(815301076,1909f56bfc062723c751e8b465ee728b)
Start importing Assets/Materials/Floors/FloorTiles_3.mat using Guid(99c5dd2eb82adae4f855122189a23aff) Importer(815301076,1909f56bfc062723c751e8b465ee728b)  -> (artifact id: '84f614478b4596c7af1947cb0e46d1e6') in 0.016640 seconds 
========================================================================
Received Import Request.
  Time since last request: 0.000031 seconds.
  path: Assets/Fonts/N8ghtmare.ttf
  artifactKey: Guid(09ec9f1353b62fb46b0fc5b85d4fc09e) Importer(815301076,1909f56bfc062723c751e8b465ee728b)
Start importing Assets/Fonts/N8ghtmare.ttf using Guid(09ec9f1353b62fb46b0fc5b85d4fc09e) Importer(815301076,1909f56bfc062723c751e8b465ee728b)  -> (artifact id: '7f490e2ad4ed4ee71ba92c2176ca6175') in 0.019678 seconds 
========================================================================
Received Import Request.
  Time since last request: 0.000035 seconds.
  path: Assets/Materials/Floors/FloorTiles_1.mat
  artifactKey: Guid(3fc7758bd4bdac34388a2e319db4b07c) Importer(815301076,1909f56bfc062723c751e8b465ee728b)
Start importing Assets/Materials/Floors/FloorTiles_1.mat using Guid(3fc7758bd4bdac34388a2e319db4b07c) Importer(815301076,1909f56bfc062723c751e8b465ee728b)  -> (artifact id: '3ce678af3a9163f3619fdecb677f8108') in 0.014938 seconds 
========================================================================
Received Import Request.
  Time since last request: 0.000032 seconds.
  path: Assets/eDmitriyAssets/NavMeshLinkGenerator/Example/Animations/DudeAvatar/Materials/Dude-face.mat
  artifactKey: Guid(df6b2aa5385484d2aa6bb1d7dee39a7d) Importer(815301076,1909f56bfc062723c751e8b465ee728b)
Start importing Assets/eDmitriyAssets/NavMeshLinkGenerator/Example/Animations/DudeAvatar/Materials/Dude-face.mat using Guid(df6b2aa5385484d2aa6bb1d7dee39a7d) Importer(815301076,1909f56bfc062723c751e8b465ee728b)  -> (artifact id: 'c9297b88656102dd03f819804bdb9eed') in 0.016473 seconds 
========================================================================
Received Import Request.
  Time since last request: 0.000028 seconds.
  path: Assets/Materials/Colors/Emissive/White.mat
  artifactKey: Guid(71f5c3274d1a2bc48962a2826a673f49) Importer(815301076,1909f56bfc062723c751e8b465ee728b)
Start importing Assets/Materials/Colors/Emissive/White.mat using Guid(71f5c3274d1a2bc48962a2826a673f49) Importer(815301076,1909f56bfc062723c751e8b465ee728b)  -> (artifact id: '26914e04e3bca5f0d3a3aaa21e2e487c') in 0.015199 seconds 
========================================================================
Received Import Request.
  Time since last request: 0.000043 seconds.
  path: Assets/Materials/Ceilings/Plaster.mat
  artifactKey: Guid(dc3c007def98eb7439544ee3e4e22afb) Importer(815301076,1909f56bfc062723c751e8b465ee728b)
Start importing Assets/Materials/Ceilings/Plaster.mat using Guid(dc3c007def98eb7439544ee3e4e22afb) Importer(815301076,1909f56bfc062723c751e8b465ee728b)  -> (artifact id: 'de4782542c9ba078ba86ad59858ac37b') in 0.014628 seconds 
========================================================================
Received Import Request.
  Time since last request: 0.000020 seconds.
  path: Assets/Materials/Stones/Marble_Dark.mat
  artifactKey: Guid(ea93168ae0516e74aa2d4eb02f9f8720) Importer(815301076,1909f56bfc062723c751e8b465ee728b)
Start importing Assets/Materials/Stones/Marble_Dark.mat using Guid(ea93168ae0516e74aa2d4eb02f9f8720) Importer(815301076,1909f56bfc062723c751e8b465ee728b)  -> (artifact id: '66fa9be020492c37cdf00a5f83cab6b8') in 0.017118 seconds 
========================================================================
Received Import Request.
  Time since last request: 0.000022 seconds.
  path: Assets/Materials/Floors/Soil.mat
  artifactKey: Guid(78130b6f1c0719c489953435eeb3ee1a) Importer(815301076,1909f56bfc062723c751e8b465ee728b)
Start importing Assets/Materials/Floors/Soil.mat using Guid(78130b6f1c0719c489953435eeb3ee1a) Importer(815301076,1909f56bfc062723c751e8b465ee728b)  -> (artifact id: 'ab1bea16eba4c1ecad6281f114d0b629') in 0.016942 seconds 
========================================================================
Received Import Request.
  Time since last request: 0.000035 seconds.
  path: Assets/eDmitriyAssets/NavMeshLinkGenerator/Example/ScenePrototypingModels/Materials/NavyGrid.mat
  artifactKey: Guid(76ff537c8e1a84345868e6aeee938ab3) Importer(815301076,1909f56bfc062723c751e8b465ee728b)
Start importing Assets/eDmitriyAssets/NavMeshLinkGenerator/Example/ScenePrototypingModels/Materials/NavyGrid.mat using Guid(76ff537c8e1a84345868e6aeee938ab3) Importer(815301076,1909f56bfc062723c751e8b465ee728b)  -> (artifact id: 'a5db800d6475d4c3c8de28e77d62b457') in 0.016696 seconds 
========================================================================
Received Import Request.
  Time since last request: 0.000041 seconds.
  path: Assets/Materials/Walls/Plaster.mat
  artifactKey: Guid(704a73e7e5781394d9571b93cd2f5909) Importer(815301076,1909f56bfc062723c751e8b465ee728b)
Start importing Assets/Materials/Walls/Plaster.mat using Guid(704a73e7e5781394d9571b93cd2f5909) Importer(815301076,1909f56bfc062723c751e8b465ee728b)  -> (artifact id: 'f38581f5bed079d17267ef8834c40bad') in 0.013348 seconds 
========================================================================
Received Import Request.
  Time since last request: 0.000023 seconds.
  path: Assets/Day-Night Skyboxes/Materials/SkyNight.mat
  artifactKey: Guid(493bfb50af5d9424da505ba945c86600) Importer(815301076,1909f56bfc062723c751e8b465ee728b)
Start importing Assets/Day-Night Skyboxes/Materials/SkyNight.mat using Guid(493bfb50af5d9424da505ba945c86600) Importer(815301076,1909f56bfc062723c751e8b465ee728b)  -> (artifact id: 'e5485fa0ccca8e3efb292ce64114571b') in 0.022489 seconds 
========================================================================
Received Import Request.
  Time since last request: 0.000021 seconds.
  path: Assets/Materials/Misc/Batteries.mat
  artifactKey: Guid(79205410ca265424b8bd3ba8655bdae7) Importer(815301076,1909f56bfc062723c751e8b465ee728b)
Start importing Assets/Materials/Misc/Batteries.mat using Guid(79205410ca265424b8bd3ba8655bdae7) Importer(815301076,1909f56bfc062723c751e8b465ee728b)  -> (artifact id: 'fb385cca244b068f6deb93dc8498dec9') in 0.015099 seconds 
========================================================================
Received Import Request.
  Time since last request: 0.000025 seconds.
  path: Assets/Materials/Effects/FlamethrowerParticles.mat
  artifactKey: Guid(acf990c89bfacd74faf6f83ca5c3535b) Importer(815301076,1909f56bfc062723c751e8b465ee728b)
Start importing Assets/Materials/Effects/FlamethrowerParticles.mat using Guid(acf990c89bfacd74faf6f83ca5c3535b) Importer(815301076,1909f56bfc062723c751e8b465ee728b)  -> (artifact id: 'bf497dad9368f65565e99c0c23d83adc') in 0.015783 seconds 
========================================================================
Received Import Request.
  Time since last request: 0.000025 seconds.
  path: Assets/TextMesh Pro/Fonts/LiberationSans.ttf
  artifactKey: Guid(e3265ab4bf004d28a9537516768c1c75) Importer(815301076,1909f56bfc062723c751e8b465ee728b)
Start importing Assets/TextMesh Pro/Fonts/LiberationSans.ttf using Guid(e3265ab4bf004d28a9537516768c1c75) Importer(815301076,1909f56bfc062723c751e8b465ee728b)  -> (artifact id: 'cd27e7d58d79f1fb8a931d4b73d7ff2b') in 0.020374 seconds 
========================================================================
Received Import Request.
  Time since last request: 0.000021 seconds.
  path: Assets/eDmitriyAssets/NavMeshLinkGenerator/Example/Animations/DudeAvatar/Materials/Dude-body.mat
  artifactKey: Guid(aa620cae5bf084a13be919276fd447b1) Importer(815301076,1909f56bfc062723c751e8b465ee728b)
Start importing Assets/eDmitriyAssets/NavMeshLinkGenerator/Example/Animations/DudeAvatar/Materials/Dude-body.mat using Guid(aa620cae5bf084a13be919276fd447b1) Importer(815301076,1909f56bfc062723c751e8b465ee728b)  -> (artifact id: 'fd0ef4ea2397cfbd639c0ef06ea8f925') in 0.020328 seconds 
========================================================================
Received Import Request.
  Time since last request: 0.000028 seconds.
  path: Assets/Day-Night Skyboxes/Materials/SkyCloudy.mat
  artifactKey: Guid(d11d338e6a849d84f85a289f91b3fa00) Importer(815301076,1909f56bfc062723c751e8b465ee728b)
Start importing Assets/Day-Night Skyboxes/Materials/SkyCloudy.mat using Guid(d11d338e6a849d84f85a289f91b3fa00) Importer(815301076,1909f56bfc062723c751e8b465ee728b)  -> (artifact id: '6757c6054dd64cd17047444507ada745') in 0.020200 seconds 
========================================================================
Received Import Request.
  Time since last request: 0.000022 seconds.
  path: Assets/Materials/Foliage/Bush.mat
  artifactKey: Guid(d0013e539ce4a864298e69a255a33738) Importer(815301076,1909f56bfc062723c751e8b465ee728b)
Start importing Assets/Materials/Foliage/Bush.mat using Guid(d0013e539ce4a864298e69a255a33738) Importer(815301076,1909f56bfc062723c751e8b465ee728b)  -> (artifact id: '535ef81681872b0b42e4a66902818420') in 0.015756 seconds 
========================================================================
Received Import Request.
  Time since last request: 0.000028 seconds.
  path: Assets/Materials/Misc/SprayCan.mat
  artifactKey: Guid(f50539247c9da084cad9f33dc41b169b) Importer(815301076,1909f56bfc062723c751e8b465ee728b)
Start importing Assets/Materials/Misc/SprayCan.mat using Guid(f50539247c9da084cad9f33dc41b169b) Importer(815301076,1909f56bfc062723c751e8b465ee728b)  -> (artifact id: '6412b52cf51c303a3862f74399918c98') in 0.015855 seconds 
========================================================================
Received Import Request.
  Time since last request: 0.000029 seconds.
  path: Assets/eDmitriyAssets/NavMeshLinkGenerator/Example/Animations/OffMeshLink_Animations/Materials/face_color_map.mat
  artifactKey: Guid(a07151f44fe4cd748b182141eb286b2c) Importer(815301076,1909f56bfc062723c751e8b465ee728b)
Start importing Assets/eDmitriyAssets/NavMeshLinkGenerator/Example/Animations/OffMeshLink_Animations/Materials/face_color_map.mat using Guid(a07151f44fe4cd748b182141eb286b2c) Importer(815301076,1909f56bfc062723c751e8b465ee728b)  -> (artifact id: '7f60f1c1a4d7174aeecf2bef272bc410') in 0.017493 seconds 
========================================================================
Received Import Request.
  Time since last request: 0.000036 seconds.
  path: Assets/Materials/Misc/WoodTable.mat
  artifactKey: Guid(82603df170621ca4992fc0a5743f47a5) Importer(815301076,1909f56bfc062723c751e8b465ee728b)
Start importing Assets/Materials/Misc/WoodTable.mat using Guid(82603df170621ca4992fc0a5743f47a5) Importer(815301076,1909f56bfc062723c751e8b465ee728b)  -> (artifact id: '3c3fbc64ea7e8034f1492a199c8e8b2a') in 0.017108 seconds 
========================================================================
Received Import Request.
  Time since last request: 0.000029 seconds.
  path: Assets/Materials/Misc/Lighter.mat
  artifactKey: Guid(6337007adc926cf4aa0b754d19fdc47f) Importer(815301076,1909f56bfc062723c751e8b465ee728b)
Start importing Assets/Materials/Misc/Lighter.mat using Guid(6337007adc926cf4aa0b754d19fdc47f) Importer(815301076,1909f56bfc062723c751e8b465ee728b)  -> (artifact id: 'f68511690fdb069986ee73be8a8e60c9') in 0.016211 seconds 
========================================================================
Received Import Request.
  Time since last request: 0.000027 seconds.
  path: Assets/Fonts/BAHNSCHRIFT.TTF
  artifactKey: Guid(f14f1ef77d21ea242a41d17048f78161) Importer(815301076,1909f56bfc062723c751e8b465ee728b)
Start importing Assets/Fonts/BAHNSCHRIFT.TTF using Guid(f14f1ef77d21ea242a41d17048f78161) Importer(815301076,1909f56bfc062723c751e8b465ee728b)  -> (artifact id: 'f76ba15026e62e202422c446f43e7886') in 0.022607 seconds 
========================================================================
Received Import Request.
  Time since last request: 235.264334 seconds.
  path: Assets/Models/Batteries.fbx
  artifactKey: Guid(6e0aad3c61ed55949a0379eb3627182f) Importer(815301076,1909f56bfc062723c751e8b465ee728b)
Start importing Assets/Models/Batteries.fbx using Guid(6e0aad3c61ed55949a0379eb3627182f) Importer(815301076,1909f56bfc062723c751e8b465ee728b)  -> (artifact id: '957759e532f93ccf2645bbddabb6cc98') in 0.343714 seconds 
========================================================================
Received Import Request.
  Time since last request: 0.000037 seconds.
  path: Assets/Models/GateBlock.fbx
  artifactKey: Guid(01dd1096046d19348b84f7178f36af82) Importer(815301076,1909f56bfc062723c751e8b465ee728b)
Start importing Assets/Models/GateBlock.fbx using Guid(01dd1096046d19348b84f7178f36af82) Importer(815301076,1909f56bfc062723c751e8b465ee728b)  -> (artifact id: '7246ff52cb6aabe0543019d6603b49c2') in 0.045569 seconds 
========================================================================
Received Import Request.
  Time since last request: 0.000051 seconds.
  path: Assets/Models/GuardRail.fbx
  artifactKey: Guid(cbcfdf69fb82ae545affa6d377caf05b) Importer(815301076,1909f56bfc062723c751e8b465ee728b)
Start importing Assets/Models/GuardRail.fbx using Guid(cbcfdf69fb82ae545affa6d377caf05b) Importer(815301076,1909f56bfc062723c751e8b465ee728b)  -> (artifact id: '76acaad65e68d716f47c1c6eabe25eec') in 0.022852 seconds 
========================================================================
Received Import Request.
  Time since last request: 0.000032 seconds.
  path: Assets/Models/Escalator.fbx
  artifactKey: Guid(64c01e704658aa943a19fad90f3f3b61) Importer(815301076,1909f56bfc062723c751e8b465ee728b)
Start importing Assets/Models/Escalator.fbx using Guid(64c01e704658aa943a19fad90f3f3b61) Importer(815301076,1909f56bfc062723c751e8b465ee728b)  -> (artifact id: '73a1c2d8ba1544bc15c24f7ad1cc6f76') in 0.025685 seconds 
========================================================================
Received Import Request.
  Time since last request: 0.000024 seconds.
  path: Assets/Models/FlashLight.fbx
  artifactKey: Guid(2ae483a59332e674dac16512276294a9) Importer(815301076,1909f56bfc062723c751e8b465ee728b)
Start importing Assets/Models/FlashLight.fbx using Guid(2ae483a59332e674dac16512276294a9) Importer(815301076,1909f56bfc062723c751e8b465ee728b)  -> (artifact id: '55edc568b66101aa40735bcb27c8a7c0') in 0.025900 seconds 
========================================================================
Received Import Request.
  Time since last request: 0.000025 seconds.
  path: Assets/Models/Paper.fbx
  artifactKey: Guid(56e76d18744014a4d9bebe20b549612e) Importer(815301076,1909f56bfc062723c751e8b465ee728b)
Start importing Assets/Models/Paper.fbx using Guid(56e76d18744014a4d9bebe20b549612e) Importer(815301076,1909f56bfc062723c751e8b465ee728b)  -> (artifact id: '984424b5d4ec5fd7212e9b295c5ac015') in 0.019855 seconds 
========================================================================
Received Import Request.
  Time since last request: 0.000024 seconds.
  path: Assets/Models/FrontDesk.fbx
  artifactKey: Guid(a201335c57a76914db025d3df1402b1f) Importer(815301076,1909f56bfc062723c751e8b465ee728b)
Start importing Assets/Models/FrontDesk.fbx using Guid(a201335c57a76914db025d3df1402b1f) Importer(815301076,1909f56bfc062723c751e8b465ee728b)  -> (artifact id: '0fc7a548a2cb46b79d1932371cb14b4a') in 0.021697 seconds 
========================================================================
Received Import Request.
  Time since last request: 0.000029 seconds.
  path: Assets/Models/Spider.fbx
  artifactKey: Guid(40f13ddd7d50c4d469fe1990bebac6ef) Importer(815301076,1909f56bfc062723c751e8b465ee728b)
Start importing Assets/Models/Spider.fbx using Guid(40f13ddd7d50c4d469fe1990bebac6ef) Importer(815301076,1909f56bfc062723c751e8b465ee728b)  -> (artifact id: 'b7004a80bb5b2cadb39229adca700b63') in 0.165091 seconds 
========================================================================
Received Import Request.
  Time since last request: 0.000025 seconds.
  path: Assets/Models/DoubleDoorway.fbx
  artifactKey: Guid(d87121edb21d88f4f9b577f44fd5f035) Importer(815301076,1909f56bfc062723c751e8b465ee728b)
Start importing Assets/Models/DoubleDoorway.fbx using Guid(d87121edb21d88f4f9b577f44fd5f035) Importer(815301076,1909f56bfc062723c751e8b465ee728b)  -> (artifact id: '5e7d46eff1fcc8804cf2df7bb7672ff2') in 0.046599 seconds 
========================================================================
Received Import Request.
  Time since last request: 0.000035 seconds.
  path: Assets/Models/Planter_Large.fbx
  artifactKey: Guid(b99cdf02aa1651745aa9b45a3e70dd88) Importer(815301076,1909f56bfc062723c751e8b465ee728b)
Start importing Assets/Models/Planter_Large.fbx using Guid(b99cdf02aa1651745aa9b45a3e70dd88) Importer(815301076,1909f56bfc062723c751e8b465ee728b)  -> (artifact id: '3df6c3f8ee4c0df2ac9fdc2a8773a964') in 0.030066 seconds 
========================================================================
Received Import Request.
  Time since last request: 0.000032 seconds.
  path: Assets/Models/Frame.fbx
  artifactKey: Guid(faa219cc258e140408da9984538de54c) Importer(815301076,1909f56bfc062723c751e8b465ee728b)
Start importing Assets/Models/Frame.fbx using Guid(faa219cc258e140408da9984538de54c) Importer(815301076,1909f56bfc062723c751e8b465ee728b)  -> (artifact id: 'e9c26eb7ef123f0f1ad87eeb0209e170') in 0.021794 seconds 
