Using pre-set license
Built from '2021.3/staging' branch; Version is '2021.3.4f1 (cb45f9cae8b7) revision 13321721'; Using compiler version '192829333'; Build Type 'Release'
OS: 'Windows 10  (10.0.19043) 64bit Professional' Language: 'en' Physical Memory: 16332 MB
BatchMode: 1, IsHumanControllingUs: 0, StartBugReporterOnCrash: 0, Is64bit: 1, IsPro: 1

COMMAND LINE ARGUMENTS:
E:\Unity\2021.3.4f1\Editor\Unity.exe
-adb2
-batchMode
-noUpm
-name
AssetImportWorker6
-projectPath
F:/Git_Repos/Rachnid/Rachnid
-logFile
Logs/AssetImportWorker6.log
-srvPort
63258
Successfully changed project path to: F:/Git_Repos/Rachnid/Rachnid
F:/Git_Repos/Rachnid/Rachnid
[UnityMemory] Configuration Parameters - Can be set up in boot.config
    "memorysetup-bucket-allocator-granularity=16"
    "memorysetup-bucket-allocator-bucket-count=8"
    "memorysetup-bucket-allocator-block-size=33554432"
    "memorysetup-bucket-allocator-block-count=8"
    "memorysetup-main-allocator-block-size=16777216"
    "memorysetup-thread-allocator-block-size=16777216"
    "memorysetup-gfx-main-allocator-block-size=16777216"
    "memorysetup-gfx-thread-allocator-block-size=16777216"
    "memorysetup-cache-allocator-block-size=4194304"
    "memorysetup-typetree-allocator-block-size=2097152"
    "memorysetup-profiler-bucket-allocator-granularity=16"
    "memorysetup-profiler-bucket-allocator-bucket-count=8"
    "memorysetup-profiler-bucket-allocator-block-size=33554432"
    "memorysetup-profiler-bucket-allocator-block-count=8"
    "memorysetup-profiler-allocator-block-size=16777216"
    "memorysetup-profiler-editor-allocator-block-size=1048576"
    "memorysetup-temp-allocator-size-main=16777216"
    "memorysetup-job-temp-allocator-block-size=2097152"
    "memorysetup-job-temp-allocator-block-size-background=1048576"
    "memorysetup-job-temp-allocator-reduction-small-platforms=262144"
    "memorysetup-temp-allocator-size-background-worker=32768"
    "memorysetup-temp-allocator-size-job-worker=262144"
    "memorysetup-temp-allocator-size-preload-manager=33554432"
    "memorysetup-temp-allocator-size-nav-mesh-worker=65536"
    "memorysetup-temp-allocator-size-audio-worker=65536"
    "memorysetup-temp-allocator-size-cloud-worker=32768"
    "memorysetup-temp-allocator-size-gi-baking-worker=262144"
    "memorysetup-temp-allocator-size-gfx=262144"
Refreshing native plugins compatible for Editor in 98.09 ms, found 3 plugins.
Preloading 0 native plugins for Editor in 0.00 ms.
Initialize engine version: 2021.3.4f1 (cb45f9cae8b7)
[Subsystems] Discovering subsystems at path E:/Unity/2021.3.4f1/Editor/Data/Resources/UnitySubsystems
[Subsystems] Discovering subsystems at path F:/Git_Repos/Rachnid/Rachnid/Assets
GfxDevice: creating device client; threaded=0; jobified=0
Direct3D:
    Version:  Direct3D 11.0 [level 11.1]
    Renderer: NVIDIA GeForce GTX 1660 SUPER (ID=0x21c4)
    Vendor:   NVIDIA
    VRAM:     5992 MB
    Driver:   31.0.15.1659
Initialize mono
Mono path[0] = 'E:/Unity/2021.3.4f1/Editor/Data/Managed'
Mono path[1] = 'E:/Unity/2021.3.4f1/Editor/Data/MonoBleedingEdge/lib/mono/unityjit-win32'
Mono config path = 'E:/Unity/2021.3.4f1/Editor/Data/MonoBleedingEdge/etc'
Using monoOptions --debugger-agent=transport=dt_socket,embedding=1,server=y,suspend=n,address=127.0.0.1:56968
Begin MonoManager ReloadAssembly
Registering precompiled unity dll's ...
Register platform support module: E:/Unity/2021.3.4f1/Editor/Data/PlaybackEngines/WindowsStandaloneSupport/UnityEditor.WindowsStandalone.Extensions.dll
Registered in 0.004113 seconds.
Native extension for WindowsStandalone target not found
Refreshing native plugins compatible for Editor in 96.18 ms, found 3 plugins.
Preloading 0 native plugins for Editor in 0.00 ms.
Mono: successfully reloaded assembly
- Completed reload, in  0.589 seconds
Domain Reload Profiling:
	ReloadAssembly (589ms)
		BeginReloadAssembly (65ms)
			ExecutionOrderSort (0ms)
			DisableScriptedObjects (0ms)
			BackupInstance (0ms)
			ReleaseScriptingObjects (0ms)
			CreateAndSetChildDomain (1ms)
		EndReloadAssembly (423ms)
			LoadAssemblies (64ms)
			RebuildTransferFunctionScriptingTraits (0ms)
			SetupTypeCache (89ms)
			ReleaseScriptCaches (0ms)
			RebuildScriptCaches (24ms)
			SetupLoadedEditorAssemblies (267ms)
				LogAssemblyErrors (0ms)
				InitializePlatformSupportModulesInManaged (6ms)
				SetLoadedEditorAssemblies (0ms)
				RefreshPlugins (96ms)
				BeforeProcessingInitializeOnLoad (1ms)
				ProcessInitializeOnLoadAttributes (124ms)
				ProcessInitializeOnLoadMethodAttributes (39ms)
				AfterProcessingInitializeOnLoad (0ms)
				EditorAssembliesLoaded (0ms)
			ExecutionOrderSort2 (0ms)
			AwakeInstancesAfterBackupRestoration (0ms)
Platform modules already initialized, skipping
Registering precompiled user dll's ...
Registered in 0.005351 seconds.
Begin MonoManager ReloadAssembly
OnLevelWasLoaded was found on SaveManager
This message has been deprecated and will be removed in a later version of Unity.
Add a delegate to SceneManager.sceneLoaded instead to get notifications after scene loading has completed
Native extension for WindowsStandalone target not found
Refreshing native plugins compatible for Editor in 100.73 ms, found 3 plugins.
Preloading 0 native plugins for Editor in 0.00 ms.
Mono: successfully reloaded assembly
- Completed reload, in  1.221 seconds
Domain Reload Profiling:
	ReloadAssembly (1222ms)
		BeginReloadAssembly (98ms)
			ExecutionOrderSort (0ms)
			DisableScriptedObjects (6ms)
			BackupInstance (0ms)
			ReleaseScriptingObjects (0ms)
			CreateAndSetChildDomain (18ms)
		EndReloadAssembly (1035ms)
			LoadAssemblies (80ms)
			RebuildTransferFunctionScriptingTraits (0ms)
			SetupTypeCache (237ms)
			ReleaseScriptCaches (1ms)
			RebuildScriptCaches (85ms)
			SetupLoadedEditorAssemblies (589ms)
				LogAssemblyErrors (0ms)
				InitializePlatformSupportModulesInManaged (10ms)
				SetLoadedEditorAssemblies (0ms)
				RefreshPlugins (101ms)
				BeforeProcessingInitializeOnLoad (110ms)
				ProcessInitializeOnLoadAttributes (317ms)
				ProcessInitializeOnLoadMethodAttributes (43ms)
				AfterProcessingInitializeOnLoad (8ms)
				EditorAssembliesLoaded (0ms)
			ExecutionOrderSort2 (0ms)
			AwakeInstancesAfterBackupRestoration (5ms)
Platform modules already initialized, skipping
========================================================================
Worker process is ready to serve import requests
Launched and connected shader compiler UnityShaderCompiler.exe after 0.04 seconds
Refreshing native plugins compatible for Editor in 1.04 ms, found 3 plugins.
Preloading 0 native plugins for Editor in 0.00 ms.
Unloading 5554 Unused Serialized files (Serialized files now loaded: 0)
Unloading 50 unused Assets / (1.7 MB). Loaded Objects now: 6044.
Memory consumption went from 290.1 MB to 288.4 MB.
Total: 4.140500 ms (FindLiveObjects: 0.438600 ms CreateObjectMapping: 0.138200 ms MarkObjects: 3.076500 ms  DeleteObjects: 0.486000 ms)

AssetImportParameters requested are different than current active one (requested -> active):
  custom:video-decoder-ogg-theora: a1e56fd34408186e4bbccfd4996cb3dc -> 
  custom:container-muxer-webm: aa71ff27fc2769a1b78a27578f13a17b -> 
  custom:container-demuxer-webm: 4f35f7cbe854078d1ac9338744f61a02 -> 
  custom:video-encoder-webm-vp8: eb34c28f22e8b96e1ab97ce403110664 -> 
  custom:audio-encoder-webm-vorbis: bf7c407c2cedff20999df2af8eb42d56 -> 
  custom:framework-win-MediaFoundation: 216162199b28c13a410421893ffa2e32 -> 
  custom:container-demuxer-ogg: 62fdf1f143b41e24485cea50d1cbac27 -> 
  custom:video-decoder-webm-vp8: 9c59270c3fd7afecdb556c50c9e8de78 -> 
  custom:audio-decoder-ogg-vorbis: bf7c407c2cedff20999df2af8eb42d56 -> 
========================================================================
Received Prepare
Registering precompiled user dll's ...
Registered in 0.005156 seconds.
Begin MonoManager ReloadAssembly
Native extension for WindowsStandalone target not found
Refreshing native plugins compatible for Editor in 1.32 ms, found 3 plugins.
Preloading 0 native plugins for Editor in 0.00 ms.
Mono: successfully reloaded assembly
- Completed reload, in  1.181 seconds
Domain Reload Profiling:
	ReloadAssembly (1182ms)
		BeginReloadAssembly (135ms)
			ExecutionOrderSort (0ms)
			DisableScriptedObjects (4ms)
			BackupInstance (0ms)
			ReleaseScriptingObjects (0ms)
			CreateAndSetChildDomain (36ms)
		EndReloadAssembly (955ms)
			LoadAssemblies (89ms)
			RebuildTransferFunctionScriptingTraits (1ms)
			SetupTypeCache (235ms)
			ReleaseScriptCaches (2ms)
			RebuildScriptCaches (66ms)
			SetupLoadedEditorAssemblies (471ms)
				LogAssemblyErrors (0ms)
				InitializePlatformSupportModulesInManaged (11ms)
				SetLoadedEditorAssemblies (0ms)
				RefreshPlugins (1ms)
				BeforeProcessingInitializeOnLoad (95ms)
				ProcessInitializeOnLoadAttributes (322ms)
				ProcessInitializeOnLoadMethodAttributes (34ms)
				AfterProcessingInitializeOnLoad (6ms)
				EditorAssembliesLoaded (0ms)
			ExecutionOrderSort2 (0ms)
			AwakeInstancesAfterBackupRestoration (14ms)
Platform modules already initialized, skipping
OnLevelWasLoaded was found on SaveManager
This message has been deprecated and will be removed in a later version of Unity.
Add a delegate to SceneManager.sceneLoaded instead to get notifications after scene loading has completed
Refreshing native plugins compatible for Editor in 2.83 ms, found 3 plugins.
Preloading 0 native plugins for Editor in 0.00 ms.
Unloading 5188 Unused Serialized files (Serialized files now loaded: 0)
Unloading 32 unused Assets / (1.7 MB). Loaded Objects now: 6059.
Memory consumption went from 270.4 MB to 268.7 MB.
Total: 4.197600 ms (FindLiveObjects: 0.583500 ms CreateObjectMapping: 0.191800 ms MarkObjects: 2.920100 ms  DeleteObjects: 0.501300 ms)

AssetImportParameters requested are different than current active one (requested -> active):
  custom:video-decoder-ogg-theora: a1e56fd34408186e4bbccfd4996cb3dc -> 
  custom:container-muxer-webm: aa71ff27fc2769a1b78a27578f13a17b -> 
  custom:container-demuxer-webm: 4f35f7cbe854078d1ac9338744f61a02 -> 
  custom:video-encoder-webm-vp8: eb34c28f22e8b96e1ab97ce403110664 -> 
  custom:audio-encoder-webm-vorbis: bf7c407c2cedff20999df2af8eb42d56 -> 
  custom:framework-win-MediaFoundation: 216162199b28c13a410421893ffa2e32 -> 
  custom:container-demuxer-ogg: 62fdf1f143b41e24485cea50d1cbac27 -> 
  custom:video-decoder-webm-vp8: 9c59270c3fd7afecdb556c50c9e8de78 -> 
  custom:audio-decoder-ogg-vorbis: bf7c407c2cedff20999df2af8eb42d56 -> 
========================================================================
Received Import Request.
  Time since last request: 1189208.845713 seconds.
  path: Assets/Materials/Woods/Wood_Dark.mat
  artifactKey: Guid(2d188369dfbd9364d98b215439bf1919) Importer(815301076,1909f56bfc062723c751e8b465ee728b)
Start importing Assets/Materials/Woods/Wood_Dark.mat using Guid(2d188369dfbd9364d98b215439bf1919) Importer(815301076,1909f56bfc062723c751e8b465ee728b)  -> (artifact id: 'e815f51fe6273a8b3dc21d4af483b0aa') in 3.568319 seconds 
========================================================================
Received Import Request.
  Time since last request: 0.000035 seconds.
  path: Assets/HDRPDefaultResources/DefaultSettingsVolumeProfile.asset
  artifactKey: Guid(cbd08093a954325479ab2d45458efe3d) Importer(815301076,1909f56bfc062723c751e8b465ee728b)
Start importing Assets/HDRPDefaultResources/DefaultSettingsVolumeProfile.asset using Guid(cbd08093a954325479ab2d45458efe3d) Importer(815301076,1909f56bfc062723c751e8b465ee728b)  -> (artifact id: '6ab27fdbdc05d6ac0020537aa22f0184') in 0.007860 seconds 
========================================================================
Received Import Request.
  Time since last request: 0.000047 seconds.
  path: Assets/HDRPDefaultResources/HDRenderPipelineGlobalSettings.asset
  artifactKey: Guid(3d95d584b170f3946be27c172b63fb1a) Importer(815301076,1909f56bfc062723c751e8b465ee728b)
Start importing Assets/HDRPDefaultResources/HDRenderPipelineGlobalSettings.asset using Guid(3d95d584b170f3946be27c172b63fb1a) Importer(815301076,1909f56bfc062723c751e8b465ee728b)  -> (artifact id: '6d7ef02dca74189b70c205de50d8985b') in 0.008317 seconds 
========================================================================
Received Import Request.
  Time since last request: 241.044759 seconds.
  path: Assets/Materials/Doors/MetalDoor.mat
  artifactKey: Guid(2e93ab82c90766d4983811471bbf1d70) Importer(815301076,1909f56bfc062723c751e8b465ee728b)
Start importing Assets/Materials/Doors/MetalDoor.mat using Guid(2e93ab82c90766d4983811471bbf1d70) Importer(815301076,1909f56bfc062723c751e8b465ee728b)  -> (artifact id: '7538fdb9b0223d0820005e8e0b4a773e') in 0.026784 seconds 
========================================================================
Received Import Request.
  Time since last request: 0.438254 seconds.
  path: Assets/Materials/Effects/FlamethrowerParticlesTrail.mat
  artifactKey: Guid(c17eb38a27ab0114b903baa34e77d50f) Importer(815301076,1909f56bfc062723c751e8b465ee728b)
Start importing Assets/Materials/Effects/FlamethrowerParticlesTrail.mat using Guid(c17eb38a27ab0114b903baa34e77d50f) Importer(815301076,1909f56bfc062723c751e8b465ee728b)  -> (artifact id: 'bf804b770000634af34c0a865f5cd43a') in 0.047871 seconds 
========================================================================
Received Import Request.
  Time since last request: 0.000028 seconds.
  path: Assets/Materials/Effects/SprayCanParticlesTrail.mat
  artifactKey: Guid(2b7382e5da02c0948a26cb64937e2fb9) Importer(815301076,1909f56bfc062723c751e8b465ee728b)
Start importing Assets/Materials/Effects/SprayCanParticlesTrail.mat using Guid(2b7382e5da02c0948a26cb64937e2fb9) Importer(815301076,1909f56bfc062723c751e8b465ee728b)  -> (artifact id: 'd04a97464746f9f25956e0ed6cd278e0') in 0.022115 seconds 
========================================================================
Received Import Request.
  Time since last request: 4.085419 seconds.
  path: Assets/Materials/Metals/Metal.mat
  artifactKey: Guid(3af46e246a1ca1c4dac51e57f189b370) Importer(815301076,1909f56bfc062723c751e8b465ee728b)
Start importing Assets/Materials/Metals/Metal.mat using Guid(3af46e246a1ca1c4dac51e57f189b370) Importer(815301076,1909f56bfc062723c751e8b465ee728b)  -> (artifact id: '20fd1d9ba8c230c38a349cb3acb70c27') in 0.028277 seconds 
========================================================================
Received Import Request.
  Time since last request: 16.566393 seconds.
  path: Assets/Textures/Metals/Metal032_1K_Color.jpg
  artifactKey: Guid(7dfef8d214be45c429e86ac482c9c115) Importer(815301076,1909f56bfc062723c751e8b465ee728b)
Start importing Assets/Textures/Metals/Metal032_1K_Color.jpg using Guid(7dfef8d214be45c429e86ac482c9c115) Importer(815301076,1909f56bfc062723c751e8b465ee728b)  -> (artifact id: '19bcfebc71540810b28a8bc6380f7293') in 0.028356 seconds 
========================================================================
Received Import Request.
  Time since last request: 0.000035 seconds.
  path: Assets/Textures/Metals/metal_tread_plate_0034_01_s.jpg
  artifactKey: Guid(9d1f16956e27e3b47985a22c0b6ebca5) Importer(815301076,1909f56bfc062723c751e8b465ee728b)
Start importing Assets/Textures/Metals/metal_tread_plate_0034_01_s.jpg using Guid(9d1f16956e27e3b47985a22c0b6ebca5) Importer(815301076,1909f56bfc062723c751e8b465ee728b)  -> (artifact id: 'b69f53353f884fcea9ede6fbd50418ff') in 0.031994 seconds 
========================================================================
Received Import Request.
  Time since last request: 64.685842 seconds.
  path: Assets/Textures/Floors/Dirt_gravel.jpg
  artifactKey: Guid(57415d4da1a36544cbb38c302856d8dd) Importer(815301076,1909f56bfc062723c751e8b465ee728b)
Start importing Assets/Textures/Floors/Dirt_gravel.jpg using Guid(57415d4da1a36544cbb38c302856d8dd) Importer(815301076,1909f56bfc062723c751e8b465ee728b)  -> (artifact id: '17394b29ebdbc8a2424a013d888f3311') in 0.039387 seconds 
========================================================================
Received Import Request.
  Time since last request: 0.000027 seconds.
  path: Assets/Textures/Floors/FloorTile.jpg
  artifactKey: Guid(b923658e480fe2545ac8739093fd1d21) Importer(815301076,1909f56bfc062723c751e8b465ee728b)
Start importing Assets/Textures/Floors/FloorTile.jpg using Guid(b923658e480fe2545ac8739093fd1d21) Importer(815301076,1909f56bfc062723c751e8b465ee728b)  -> (artifact id: '0de41862eaacffe2e1df0b18e5c61897') in 0.019057 seconds 
========================================================================
Received Import Request.
  Time since last request: 0.000031 seconds.
  path: Assets/Textures/Floors/Tiles040_1K_Color.jpg
  artifactKey: Guid(f953906b6fdd09440b590e4fbfcdda0e) Importer(815301076,1909f56bfc062723c751e8b465ee728b)
Start importing Assets/Textures/Floors/Tiles040_1K_Color.jpg using Guid(f953906b6fdd09440b590e4fbfcdda0e) Importer(815301076,1909f56bfc062723c751e8b465ee728b)  -> (artifact id: 'c72b2ddf29f955781cec6599cb693dde') in 0.041150 seconds 
========================================================================
Received Import Request.
  Time since last request: 0.000041 seconds.
  path: Assets/Textures/Floors/soil_ground_0084_01_s.jpg
  artifactKey: Guid(91882a6a20a03fd4b98b62195eb38690) Importer(815301076,1909f56bfc062723c751e8b465ee728b)
Start importing Assets/Textures/Floors/soil_ground_0084_01_s.jpg using Guid(91882a6a20a03fd4b98b62195eb38690) Importer(815301076,1909f56bfc062723c751e8b465ee728b)  -> (artifact id: '77a4153617511cc7b28b8420196fb1f8') in 0.038458 seconds 
========================================================================
Received Import Request.
  Time since last request: 11.068002 seconds.
  path: Assets/Scenes/Chapter One/NavMesh-CeilNav.asset
  artifactKey: Guid(cbf08ab2af71ece4a86cca4cc8c158cd) Importer(815301076,1909f56bfc062723c751e8b465ee728b)
Start importing Assets/Scenes/Chapter One/NavMesh-CeilNav.asset using Guid(cbf08ab2af71ece4a86cca4cc8c158cd) Importer(815301076,1909f56bfc062723c751e8b465ee728b)  -> (artifact id: 'ce6bf2efc9f435e6f3f452429aa8890c') in 0.315571 seconds 
========================================================================
Received Import Request.
  Time since last request: 0.000033 seconds.
  path: Assets/Scenes/Chapter One/NavMesh-WallLeftNav.asset
  artifactKey: Guid(155230463ec111f49b2c914fcf426957) Importer(815301076,1909f56bfc062723c751e8b465ee728b)
Start importing Assets/Scenes/Chapter One/NavMesh-WallLeftNav.asset using Guid(155230463ec111f49b2c914fcf426957) Importer(815301076,1909f56bfc062723c751e8b465ee728b)  -> (artifact id: 'ebc6d44b2109dd7c021cb40de742ce23') in 0.182327 seconds 
========================================================================
Received Import Request.
  Time since last request: 0.000039 seconds.
  path: Assets/Scenes/Chapter One/NavMesh-WallBackNav.asset
  artifactKey: Guid(3819599a26d101847b819c66d96f100b) Importer(815301076,1909f56bfc062723c751e8b465ee728b)
Start importing Assets/Scenes/Chapter One/NavMesh-WallBackNav.asset using Guid(3819599a26d101847b819c66d96f100b) Importer(815301076,1909f56bfc062723c751e8b465ee728b)  -> (artifact id: '4571281f43892ee57fceefe7b4558122') in 0.028730 seconds 
